<?xml version="1.0" encoding="UTF-8"?>
<testng-results ignored="0" total="1" passed="1" failed="0" skipped="0">
  <reporter-output>
  </reporter-output>
  <suite started-at="2022-03-30T16:27:27 IST" name="Default suite" finished-at="2022-03-30T16:28:33 IST" duration-ms="66196">
    <groups>
    </groups>
    <test started-at="2022-03-30T16:27:27 IST" name="Default test" finished-at="2022-03-30T16:28:33 IST" duration-ms="66196">
      <class name="com.simplilearn.RegestrationForm">
        <test-method signature="invokeBrowser()[pri:0, instance:com.simplilearn.RegestrationForm@10e92f8f]" started-at="2022-03-30T16:27:27 IST" name="invokeBrowser" finished-at="2022-03-30T16:28:33 IST" duration-ms="66107" status="PASS">
          <reporter-output>
          </reporter-output>
        </test-method> <!-- invokeBrowser -->
      </class> <!-- com.simplilearn.RegestrationForm -->
    </test> <!-- Default test -->
  </suite> <!-- Default suite -->
</testng-results>
